  Box.cpp
c:\users\galig\desktop\final\proyecto_grafica\12-animacionkeyframes\src\headers\abstractmodel.h(14): fatal error C1083: No se puede abrir el archivo incluir: 'GL/glew.h': No such file or directory
  Cylinder.cpp
c:\users\galig\desktop\final\proyecto_grafica\12-animacionkeyframes\src\headers\abstractmodel.h(14): fatal error C1083: No se puede abrir el archivo incluir: 'GL/glew.h': No such file or directory
  FirstPersonCamera.cpp
c:\users\galig\desktop\final\proyecto_grafica\12-animacionkeyframes\src\headers\camera.h(9): fatal error C1083: No se puede abrir el archivo incluir: 'glm/glm.hpp': No such file or directory
  main.cpp
c:\users\galig\desktop\final\proyecto_grafica\12-animacionkeyframes\src\main.cpp(4): fatal error C1083: No se puede abrir el archivo incluir: 'GL/glew.h': No such file or directory
  Mesh.cpp
c:\users\galig\desktop\final\proyecto_grafica\12-animacionkeyframes\src\headers\mesh.h(18): fatal error C1083: No se puede abrir el archivo incluir: 'GL/glew.h': No such file or directory
  Model.cpp
c:\users\galig\desktop\final\proyecto_grafica\12-animacionkeyframes\src\headers\mesh.h(18): fatal error C1083: No se puede abrir el archivo incluir: 'GL/glew.h': No such file or directory
  Shader.cpp
c:\users\galig\desktop\final\proyecto_grafica\12-animacionkeyframes\src\headers\shader.h(6): fatal error C1083: No se puede abrir el archivo incluir: 'GL/glew.h': No such file or directory
  Sphere.cpp
c:\users\galig\desktop\final\proyecto_grafica\12-animacionkeyframes\src\headers\abstractmodel.h(14): fatal error C1083: No se puede abrir el archivo incluir: 'GL/glew.h': No such file or directory
  Texture.cpp
c:\users\galig\desktop\final\proyecto_grafica\12-animacionkeyframes\src\headers\texture.h(10): fatal error C1083: No se puede abrir el archivo incluir: 'GL/glew.h': No such file or directory
  TimeManager.cpp
  Generando código...
