  Box.cpp
  Cylinder.cpp
C:\Users\bemes\Documents\Proyecto_grafica\10-Animacion\src\Headers\AbstractModel.h(14,10): fatal error C1083: No se puede abrir el archivo incluir: 'GL/glew.h': No such file or directory
  FirstPersonCamera.cpp
C:\Users\bemes\Documents\Proyecto_grafica\10-Animacion\src\Headers\AbstractModel.h(14,10): fatal error C1083: No se puede abrir el archivo incluir: 'GL/glew.h': No such file or directory
  main.cpp
C:\Users\bemes\Documents\Proyecto_grafica\10-Animacion\src\Headers\Camera.h(9,10): fatal error C1083: No se puede abrir el archivo incluir: 'glm/glm.hpp': No such file or directory
  Mesh.cpp
C:\Users\bemes\Documents\Proyecto_grafica\10-Animacion\src\main.cpp(4,10): fatal error C1083: No se puede abrir el archivo incluir: 'GL/glew.h': No such file or directory
  Model.cpp
C:\Users\bemes\Documents\Proyecto_grafica\10-Animacion\src\Headers\Mesh.h(18,10): fatal error C1083: No se puede abrir el archivo incluir: 'GL/glew.h': No such file or directory
  Shader.cpp
C:\Users\bemes\Documents\Proyecto_grafica\10-Animacion\src\Headers\Mesh.h(18,10): fatal error C1083: No se puede abrir el archivo incluir: 'GL/glew.h': No such file or directory
  Sphere.cpp
C:\Users\bemes\Documents\Proyecto_grafica\10-Animacion\src\Headers\Shader.h(6,10): fatal error C1083: No se puede abrir el archivo incluir: 'GL/glew.h': No such file or directory
  Texture.cpp
C:\Users\bemes\Documents\Proyecto_grafica\10-Animacion\src\Headers\AbstractModel.h(14,10): fatal error C1083: No se puede abrir el archivo incluir: 'GL/glew.h': No such file or directory
  TimeManager.cpp
  Generando código...
C:\Users\bemes\Documents\Proyecto_grafica\10-Animacion\src\Headers\Texture.h(10,10): fatal error C1083: No se puede abrir el archivo incluir: 'GL/glew.h': No such file or directory
